Compilación iniciada a las 21/04/2018 18:18:19.
     1>Proyecto "C:\Users\usuario\documents\visual studio 2013\Projects\ID3\ID3\ID3.vcxproj" en el nodo 2 (Build destinos).
     1>ClCompile:
         C:\Program Files (x86)\Microsoft Visual Studio 12.0\VC\bin\CL.exe /c /ZI /nologo /W3 /WX- /sdl /Od /Oy- /D _MBCS /Gm /EHsc /RTC1 /MDd /GS /fp:precise /Zc:wchar_t /Zc:forScope /Fo"Debug\\" /Fd"Debug\vc120.pdb" /Gd /TP /analyze- /errorReport:prompt ID3.cpp
         ID3.cpp
     1>c:\users\usuario\documents\visual studio 2013\projects\id3\id3\id3.cpp(74): warning C4018: '<' : no coinciden signed/unsigned
     1>c:\users\usuario\documents\visual studio 2013\projects\id3\id3\id3.cpp(92): warning C4018: '<' : no coinciden signed/unsigned
     1>c:\users\usuario\documents\visual studio 2013\projects\id3\id3\id3.cpp(106): warning C4018: '<' : no coinciden signed/unsigned
     1>c:\users\usuario\documents\visual studio 2013\projects\id3\id3\id3.cpp(119): warning C4244: '=' : conversión de 'double' a 'int'; posible pérdida de datos
     1>c:\users\usuario\documents\visual studio 2013\projects\id3\id3\id3.cpp(130): warning C4018: '<' : no coinciden signed/unsigned
     1>c:\users\usuario\documents\visual studio 2013\projects\id3\id3\id3.cpp(156): warning C4018: '<' : no coinciden signed/unsigned
     1>c:\users\usuario\documents\visual studio 2013\projects\id3\id3\id3.cpp(162): warning C4018: '<' : no coinciden signed/unsigned
     1>c:\users\usuario\documents\visual studio 2013\projects\id3\id3\id3.cpp(167): warning C4018: '<' : no coinciden signed/unsigned
     1>c:\users\usuario\documents\visual studio 2013\projects\id3\id3\id3.cpp(173): warning C4244: 'argumento' : conversión de 'double' a 'unsigned int'; posible pérdida de datos
     1>c:\users\usuario\documents\visual studio 2013\projects\id3\id3\id3.cpp(194): warning C4018: '<' : no coinciden signed/unsigned
     1>c:\users\usuario\documents\visual studio 2013\projects\id3\id3\id3.cpp(196): warning C4018: '<' : no coinciden signed/unsigned
     1>c:\users\usuario\documents\visual studio 2013\projects\id3\id3\id3.cpp(201): warning C4018: '<' : no coinciden signed/unsigned
     1>c:\users\usuario\documents\visual studio 2013\projects\id3\id3\id3.cpp(239): warning C4018: '<' : no coinciden signed/unsigned
     1>c:\users\usuario\documents\visual studio 2013\projects\id3\id3\id3.cpp(243): warning C4018: '<' : no coinciden signed/unsigned
     1>c:\users\usuario\documents\visual studio 2013\projects\id3\id3\id3.cpp(249): warning C4244: 'argumento' : conversión de 'double' a 'unsigned int'; posible pérdida de datos
     1>c:\users\usuario\documents\visual studio 2013\projects\id3\id3\id3.cpp(38): warning C4101: 'contador' : variable local sin referencia
       Link:
         C:\Program Files (x86)\Microsoft Visual Studio 12.0\VC\bin\link.exe /ERRORREPORT:PROMPT /OUT:"C:\Users\usuario\documents\visual studio 2013\Projects\ID3\Debug\ID3.exe" /INCREMENTAL /NOLOGO kernel32.lib user32.lib gdi32.lib winspool.lib comdlg32.lib advapi32.lib shell32.lib ole32.lib oleaut32.lib uuid.lib odbc32.lib odbccp32.lib /MANIFEST /MANIFESTUAC:"level='asInvoker' uiAccess='false'" /manifest:embed /DEBUG /PDB:"C:\Users\usuario\documents\visual studio 2013\Projects\ID3\Debug\ID3.pdb" /TLBID:1 /DYNAMICBASE /NXCOMPAT /IMPLIB:"C:\Users\usuario\documents\visual studio 2013\Projects\ID3\Debug\ID3.lib" /MACHINE:X86 Debug\ID3.obj
         ID3.vcxproj -> C:\Users\usuario\documents\visual studio 2013\Projects\ID3\Debug\ID3.exe
     1>Compilación del proyecto terminada "C:\Users\usuario\documents\visual studio 2013\Projects\ID3\ID3\ID3.vcxproj" (Build destinos).

Compilación correcta.

Tiempo transcurrido 00:00:04.64
