Compilación iniciada a las 17/03/2018 20:33:37.
     1>Proyecto "C:\Users\usuario\documents\visual studio 2013\Projects\AlgoritmoA\AlgoritmoA\AlgoritmoA.vcxproj" en el nodo 2 (Build destinos).
     1>ClCompile:
         C:\Program Files (x86)\Microsoft Visual Studio 12.0\VC\bin\CL.exe /c /ZI /nologo /W3 /WX- /sdl /Od /Oy- /D _MBCS /Gm /EHsc /RTC1 /MDd /GS /fp:precise /Zc:wchar_t /Zc:forScope /Fo"Debug\\" /Fd"Debug\vc120.pdb" /Gd /TP /analyze- /errorReport:prompt AlgoritmoA.cpp
         AlgoritmoA.cpp
     1>c:\users\usuario\documents\visual studio 2013\projects\algoritmoa\algoritmoa\algoritmoa.cpp(208): warning C4258: 'i' : se ha omitido la definición del bucle For; se ha utilizado la definición del ámbito de inclusión
                 c:\users\usuario\documents\visual studio 2013\projects\algoritmoa\algoritmoa\algoritmoa.cpp(197) : definición de 'i' omitida
                 c:\users\usuario\documents\visual studio 2013\projects\algoritmoa\algoritmoa\algoritmoa.cpp(187) : definición de 'i' utilizada
     1>c:\users\usuario\documents\visual studio 2013\projects\algoritmoa\algoritmoa\algoritmoa.cpp(210): warning C4258: 'i' : se ha omitido la definición del bucle For; se ha utilizado la definición del ámbito de inclusión
                 c:\users\usuario\documents\visual studio 2013\projects\algoritmoa\algoritmoa\algoritmoa.cpp(197) : definición de 'i' omitida
                 c:\users\usuario\documents\visual studio 2013\projects\algoritmoa\algoritmoa\algoritmoa.cpp(187) : definición de 'i' utilizada
     1>c:\users\usuario\documents\visual studio 2013\projects\algoritmoa\algoritmoa\algoritmoa.cpp(214): warning C4258: 'i' : se ha omitido la definición del bucle For; se ha utilizado la definición del ámbito de inclusión
                 c:\users\usuario\documents\visual studio 2013\projects\algoritmoa\algoritmoa\algoritmoa.cpp(197) : definición de 'i' omitida
                 c:\users\usuario\documents\visual studio 2013\projects\algoritmoa\algoritmoa\algoritmoa.cpp(187) : definición de 'i' utilizada
     1>c:\users\usuario\documents\visual studio 2013\projects\algoritmoa\algoritmoa\algoritmoa.cpp(471): warning C4258: 'i' : se ha omitido la definición del bucle For; se ha utilizado la definición del ámbito de inclusión
                 c:\users\usuario\documents\visual studio 2013\projects\algoritmoa\algoritmoa\algoritmoa.cpp(460) : definición de 'i' omitida
                 c:\users\usuario\documents\visual studio 2013\projects\algoritmoa\algoritmoa\algoritmoa.cpp(450) : definición de 'i' utilizada
     1>c:\users\usuario\documents\visual studio 2013\projects\algoritmoa\algoritmoa\algoritmoa.cpp(473): warning C4258: 'i' : se ha omitido la definición del bucle For; se ha utilizado la definición del ámbito de inclusión
                 c:\users\usuario\documents\visual studio 2013\projects\algoritmoa\algoritmoa\algoritmoa.cpp(460) : definición de 'i' omitida
                 c:\users\usuario\documents\visual studio 2013\projects\algoritmoa\algoritmoa\algoritmoa.cpp(450) : definición de 'i' utilizada
     1>c:\users\usuario\documents\visual studio 2013\projects\algoritmoa\algoritmoa\algoritmoa.cpp(477): warning C4258: 'i' : se ha omitido la definición del bucle For; se ha utilizado la definición del ámbito de inclusión
                 c:\users\usuario\documents\visual studio 2013\projects\algoritmoa\algoritmoa\algoritmoa.cpp(460) : definición de 'i' omitida
                 c:\users\usuario\documents\visual studio 2013\projects\algoritmoa\algoritmoa\algoritmoa.cpp(450) : definición de 'i' utilizada
       Link:
         C:\Program Files (x86)\Microsoft Visual Studio 12.0\VC\bin\link.exe /ERRORREPORT:PROMPT /OUT:"C:\Users\usuario\documents\visual studio 2013\Projects\AlgoritmoA\Debug\AlgoritmoA.exe" /INCREMENTAL /NOLOGO kernel32.lib user32.lib gdi32.lib winspool.lib comdlg32.lib advapi32.lib shell32.lib ole32.lib oleaut32.lib uuid.lib odbc32.lib odbccp32.lib /MANIFEST /MANIFESTUAC:"level='asInvoker' uiAccess='false'" /manifest:embed /DEBUG /PDB:"C:\Users\usuario\documents\visual studio 2013\Projects\AlgoritmoA\Debug\AlgoritmoA.pdb" /TLBID:1 /DYNAMICBASE /NXCOMPAT /IMPLIB:"C:\Users\usuario\documents\visual studio 2013\Projects\AlgoritmoA\Debug\AlgoritmoA.lib" /MACHINE:X86 Debug\AlgoritmoA.obj
         AlgoritmoA.vcxproj -> C:\Users\usuario\documents\visual studio 2013\Projects\AlgoritmoA\Debug\AlgoritmoA.exe
     1>Compilación del proyecto terminada "C:\Users\usuario\documents\visual studio 2013\Projects\AlgoritmoA\AlgoritmoA\AlgoritmoA.vcxproj" (Build destinos).

Compilación correcta.

Tiempo transcurrido 00:00:02.13
